#
# A fatal error has been detected by the Java Runtime Environment:
#
#  EXCEPTION_ACCESS_VIOLATION (0xc0000005) at pc=0x00000000730ed299, pid=12660, tid=0x0000000000002380
#
# JRE version: OpenJDK Runtime Environment (8.0_152-b01) (build 1.8.0_152-release-1343-b01)
# Java VM: OpenJDK 64-Bit Server VM (25.152-b01 mixed mode windows-amd64 compressed oops)
# Problematic frame:
# V  [jvm.dll+0x3bd299]
#
# Failed to write core dump. Minidumps are not enabled by default on client versions of Windows
#
# If you would like to submit a bug report, please visit:
#   http://bugreport.java.com/bugreport/crash.jsp
#

---------------  T H R E A D  ---------------

Current thread (0x0000000002cf8800):  GCTaskThread [stack: 0x00000000127b0000,0x00000000128b0000] [id=9088]

siginfo: ExceptionCode=0xc0000005, reading address 0x0000000000000120

Registers:
RAX=0x0000000000000000, RBX=0x00000000121ab3f6, RCX=0x0000000001000100, RDX=0x0000000002dcc6c0
RSP=0x00000000128af760, RBP=0x00000000121ab401, RSI=0x00000000a167ec00, RDI=0x00000000a167ea70
R8 =0x00000000a167ea70, R9 =0x0000000001000100, R10=0x000000000000000c, R11=0x000000000000000c
R12=0x00000000121ab3f5, R13=0x0000000002dcc6c0, R14=0x0000000002ced7b0, R15=0x000000000000000c
RIP=0x00000000730ed299, EFLAGS=0x0000000000010207

Top of Stack: (sp=0x00000000128af760)
0x00000000128af760:   00000000121ab3f6 00000000a167ec00
0x00000000128af770:   00000000a167ec00 00000000a2550f71
0x00000000128af780:   00000000121ab200 00000000121aea50
0x00000000128af790:   0000000000000200 0000000000000180
0x00000000128af7a0:   0000000002ce1bd0 0000000002cf2160
0x00000000128af7b0:   0000000073346088 0000000000000000
0x00000000128af7c0:   0000000000000000 0000000002d80860
0x00000000128af7d0:   0000000002cf8d40 0000000002cf8d30
0x00000000128af7e0:   0000000002dcc6c0 00000000730ff932
0x00000000128af7f0:   00000000121ab380 0000000002ced970
0x00000000128af800:   00000000a1680008 00000000a1d49e30
0x00000000128af810:   0000000002dcc6c0 0000000000000003
0x00000000128af820:   0000000000000004 0000000002cf4c70
0x00000000128af830:   0000000002d80860 00000000730eec9e
0x00000000128af840:   0000000002cf8800 0000000000000000
0x00000000128af850:   0000000000000000 0000000000000000 

Instructions: (pc=0x00000000730ed299)
0x00000000730ed279:   d3 f3 39 00 eb 04 4c 8b 4f 08 41 81 79 08 00 00
0x00000000730ed289:   00 c0 73 12 49 8b 01 4c 8b c7 49 8b d5 49 8b c9
0x00000000730ed299:   ff 90 20 01 00 00 80 3d 5b e7 3f 00 00 74 16 44
0x00000000730ed2a9:   8b 47 08 8b 0d a6 f3 39 00 49 d3 e0 4c 03 05 94 


Register to memory mapping:

RAX=0x0000000000000000 is an unknown value
RBX=0x00000000121ab3f6 is an unknown value
RCX=0x0000000001000100 is pointing into metadata
RDX=0x0000000002dcc6c0 is an unknown value
RSP=0x00000000128af760 is an unknown value
RBP=0x00000000121ab401 is an unknown value
RSI=0x00000000a167ec00 is pointing into object: 0x00000000a167ebe8
[C 
 - klass: {type array char}
 - length: 53
RDI=
[error occurred during error reporting (printing register info), id 0xc0000005]

Stack: [0x00000000127b0000,0x00000000128b0000],  sp=0x00000000128af760,  free space=1021k
Native frames: (J=compiled Java code, j=interpreted, Vv=VM code, C=native code)
V  [jvm.dll+0x3bd299]
V  [jvm.dll+0x3cf932]
V  [jvm.dll+0x3bec9e]
V  [jvm.dll+0x26d9aa]
C  [msvcr100.dll+0x21d9f]
C  [msvcr100.dll+0x21e3b]
C  [KERNEL32.DLL+0x14034]
C  [ntdll.dll+0x73691]


---------------  P R O C E S S  ---------------

Java Threads: ( => current thread )
  0x000000001d2ff800 JavaThread "Cache worker for execution history cache (C:\Users\User.FULL478-WIN.002\AndroidStudioProjects\IncrementOperation\.gradle\5.1.1\executionHistory)" [_thread_blocked, id=14416, stack(0x00000000257c0000,0x00000000258c0000)]
  0x000000001d302800 JavaThread "Execution worker for ':' Thread 3" [_thread_blocked, id=11112, stack(0x00000000256c0000,0x00000000257c0000)]
  0x0000000018b73800 JavaThread "Execution worker for ':' Thread 2" [_thread_blocked, id=13316, stack(0x00000000255c0000,0x00000000256c0000)]
  0x0000000018b78000 JavaThread "Execution worker for ':'" [_thread_blocked, id=13324, stack(0x00000000254c0000,0x00000000255c0000)]
  0x0000000018b77000 JavaThread "Cache worker for file content cache (C:\Users\User.FULL478-WIN.002\AndroidStudioProjects\IncrementOperation\.gradle\5.1.1\fileContent)" [_thread_blocked, id=15664, stack(0x00000000253c0000,0x00000000254c0000)]
  0x000000001c876800 JavaThread "Cache worker for file content cache (C:\Users\User.FULL478-WIN.002\.gradle\caches\5.1.1\fileContent)" [_thread_blocked, id=12924, stack(0x00000000252c0000,0x00000000253c0000)]
  0x000000001c876000 JavaThread "Cache worker for Build Output Cleanup Cache (C:\Users\User.FULL478-WIN.002\AndroidStudioProjects\IncrementOperation\.gradle\buildOutputCleanup)" [_thread_blocked, id=9876, stack(0x00000000251c0000,0x00000000252c0000)]
  0x000000001c875000 JavaThread "Build operations Thread 4" [_thread_blocked, id=15220, stack(0x00000000250c0000,0x00000000251c0000)]
  0x000000001c874800 JavaThread "Build operations Thread 3" [_thread_blocked, id=14624, stack(0x0000000024fc0000,0x00000000250c0000)]
  0x000000001c873000 JavaThread "Build operations Thread 2" [_thread_blocked, id=3020, stack(0x0000000024ec0000,0x0000000024fc0000)]
  0x000000001c877800 JavaThread "Build operations" [_thread_blocked, id=14516, stack(0x0000000024dc0000,0x0000000024ec0000)]
  0x000000001c872000 JavaThread "Cache worker for cache directory md-rule (C:\Users\User.FULL478-WIN.002\.gradle\caches\5.1.1\md-rule)" [_thread_blocked, id=11108, stack(0x0000000024cc0000,0x0000000024dc0000)]
  0x000000001c873800 JavaThread "Cache worker for cache directory md-supplier (C:\Users\User.FULL478-WIN.002\.gradle\caches\5.1.1\md-supplier)" [_thread_blocked, id=15840, stack(0x0000000024bc0000,0x0000000024cc0000)]
  0x000000001c86a800 JavaThread "Cache worker for file hash cache (C:\Users\User.FULL478-WIN.002\AndroidStudioProjects\IncrementOperation\.gradle\5.1.1\fileHashes)" [_thread_blocked, id=14568, stack(0x0000000024ac0000,0x0000000024bc0000)]
  0x000000001c86c000 JavaThread "Thread-31" [_thread_blocked, id=15740, stack(0x00000000249c0000,0x0000000024ac0000)]
  0x000000001c871800 JavaThread "Stdin handler" [_thread_blocked, id=15692, stack(0x00000000248c0000,0x00000000249c0000)]
  0x000000001c869000 JavaThread "Asynchronous log dispatcher for DefaultDaemonConnection: socket connection from /127.0.0.1:53506 to /127.0.0.1:55732" [_thread_blocked, id=15384, stack(0x00000000247c0000,0x00000000248c0000)]
  0x000000001c86b800 JavaThread "Daemon worker Thread 2" [_thread_blocked, id=15708, stack(0x00000000246c0000,0x00000000247c0000)]
  0x000000001c86d000 JavaThread "Cancel handler" [_thread_blocked, id=15120, stack(0x00000000245c0000,0x00000000246c0000)]
  0x000000001c870000 JavaThread "Handler for socket connection from /127.0.0.1:53506 to /127.0.0.1:55732" [_thread_in_native, id=14976, stack(0x00000000244c0000,0x00000000245c0000)]
  0x000000001c86e800 JavaThread "Daemon Thread 2" [_thread_blocked, id=12256, stack(0x00000000243c0000,0x00000000244c0000)]
  0x000000001c870800 JavaThread "Memory manager" [_thread_blocked, id=8812, stack(0x00000000234c0000,0x00000000235c0000)]
  0x0000000018b79800 JavaThread "Cache worker for execution history cache (C:\Users\User.FULL478-WIN.002\.gradle\caches\5.1.1\executionHistory)" [_thread_blocked, id=5568, stack(0x00000000204a0000,0x00000000205a0000)]
  0x0000000018b76800 JavaThread "Cache worker for journal cache (C:\Users\User.FULL478-WIN.002\.gradle\caches\journal-1)" [_thread_blocked, id=12264, stack(0x000000001b1f0000,0x000000001b2f0000)]
  0x0000000018b74000 JavaThread "File lock request listener" [_thread_in_native, id=7224, stack(0x000000001b0f0000,0x000000001b1f0000)]
  0x00000000189b2800 JavaThread "Cache worker for file hash cache (C:\Users\User.FULL478-WIN.002\.gradle\caches\5.1.1\fileHashes)" [_thread_blocked, id=10132, stack(0x000000001aff0000,0x000000001b0f0000)]
  0x0000000019652800 JavaThread "Daemon periodic checks" [_thread_blocked, id=12628, stack(0x000000001a5f0000,0x000000001a6f0000)]
  0x000000001963c800 JavaThread "Incoming local TCP Connector on port 53506" [_thread_in_native, id=11444, stack(0x000000001a3b0000,0x000000001a4b0000)]
  0x00000000180c0800 JavaThread "Service Thread" daemon [_thread_blocked, id=10372, stack(0x00000000184a0000,0x00000000185a0000)]
  0x0000000016759000 JavaThread "C1 CompilerThread2" daemon [_thread_blocked, id=11828, stack(0x0000000017fa0000,0x00000000180a0000)]
  0x0000000016751000 JavaThread "C2 CompilerThread1" daemon [_thread_blocked, id=13288, stack(0x0000000017ea0000,0x0000000017fa0000)]
  0x000000001674d800 JavaThread "C2 CompilerThread0" daemon [_thread_blocked, id=2524, stack(0x0000000017da0000,0x0000000017ea0000)]
  0x000000001674b000 JavaThread "Attach Listener" daemon [_thread_blocked, id=9540, stack(0x0000000017ca0000,0x0000000017da0000)]
  0x000000001674a000 JavaThread "Signal Dispatcher" daemon [_thread_blocked, id=12932, stack(0x0000000017ba0000,0x0000000017ca0000)]
  0x0000000002ddc800 JavaThread "Finalizer" daemon [_thread_blocked, id=11460, stack(0x00000000179b0000,0x0000000017ab0000)]
  0x0000000016718000 JavaThread "Reference Handler" daemon [_thread_blocked, id=11628, stack(0x00000000178b0000,0x00000000179b0000)]
  0x0000000002cde800 JavaThread "main" [_thread_blocked, id=11504, stack(0x0000000002b70000,0x0000000002c70000)]

Other Threads:
  0x0000000016716000 VMThread [stack: 0x00000000177b0000,0x00000000178b0000] [id=13144]
  0x00000000167ad800 WatcherThread [stack: 0x00000000185a0000,0x00000000186a0000] [id=13204]

=>0x0000000002cf8800 (exited) GCTaskThread [stack: 0x00000000127b0000,0x00000000128b0000] [id=9088]

VM state:at safepoint (normal execution)

VM Mutex/Monitor currently owned by a thread:  ([mutex/lock_event])
[0x0000000002cdcac0] Threads_lock - owner thread: 0x0000000016716000
[0x0000000002cdd1c0] Heap_lock - owner thread: 0x0000000018b78000

Heap:
 PSYoungGen      total 180736K, used 178956K [0x00000000e0000000, 0x00000000ef200000, 0x0000000100000000)
  eden space 166400K, 100% used [0x00000000e0000000,0x00000000ea280000,0x00000000ea280000)
  from space 14336K, 87% used [0x00000000ea280000,0x00000000eaec3278,0x00000000eb080000)
  to   space 15872K, 49% used [0x00000000ee280000,0x00000000eea2d050,0x00000000ef200000)
 ParOldGen       total 103424K, used 38491K [0x00000000a0000000, 0x00000000a6500000, 0x00000000e0000000)
  object space 103424K, 37% used [0x00000000a0000000,0x00000000a2596f50,0x00000000a6500000)
 Metaspace       used 70211K, capacity 72808K, committed 73048K, reserved 1112064K
  class space    used 9274K, capacity 9852K, committed 9856K, reserved 1048576K

Card table byte_map: [0x00000000121a0000,0x00000000124b0000] byte_map_base: 0x0000000011ca0000

Marking Bits: (ParMarkBitMap*) 0x00000000734f5aa0
 Begin Bits: [0x0000000012ab0000, 0x00000000142b0000)
 End Bits:   [0x00000000142b0000, 0x0000000015ab0000)

Polling page: 0x0000000001340000

CodeCache: size=245760Kb used=26105Kb max_used=26197Kb free=219654Kb
 bounds [0x0000000002de0000, 0x00000000047a0000, 0x0000000011de0000]
 total_blobs=9123 nmethods=8315 adapters=720
 compilation: enabled

Compilation events (10 events):
Event: 1041.548 Thread 0x0000000016759000 9549       3       kotlin.text.StringsKt__StringsJVMKt::regionMatches (42 bytes)
Event: 1041.549 Thread 0x0000000016759000 nmethod 9549 0x00000000031f18d0 code [0x00000000031f1a80, 0x00000000031f1f58]
Event: 1041.552 Thread 0x0000000016751000 nmethod 9547 0x0000000004776210 code [0x0000000004776380, 0x00000000047767f8]
Event: 1041.552 Thread 0x0000000016751000 9544       4       com.google.common.collect.AbstractMapBasedMultimap$WrappedCollection::<init> (44 bytes)
Event: 1041.553 Thread 0x0000000016751000 nmethod 9544 0x000000000410f150 code [0x000000000410f280, 0x000000000410f338]
Event: 1041.553 Thread 0x0000000016751000 9548       4       com.google.common.base.CharMatcher$Is::matches (14 bytes)
Event: 1041.554 Thread 0x0000000016751000 nmethod 9548 0x0000000003e0f410 code [0x0000000003e0f540, 0x0000000003e0f5b8]
Event: 1041.556 Thread 0x000000001674d800 nmethod 9546 0x0000000004777950 code [0x0000000004777ae0, 0x0000000004778138]
Event: 1041.561 Thread 0x0000000016751000 9550       4       com.sun.org.apache.xerces.internal.impl.XMLDocumentFragmentScannerImpl$ElementStack::popElement (59 bytes)
Event: 1041.563 Thread 0x0000000016751000 nmethod 9550 0x0000000004775ed0 code [0x0000000004776020, 0x0000000004776118]

GC Heap History (10 events):
Event: 19.159 GC heap after
Heap after GC invocations=14 (full 2):
 PSYoungGen      total 127488K, used 11747K [0x00000000e0000000, 0x00000000e8f00000, 0x0000000100000000)
  eden space 115712K, 0% used [0x00000000e0000000,0x00000000e0000000,0x00000000e7100000)
  from space 11776K, 99% used [0x00000000e8380000,0x00000000e8ef8c10,0x00000000e8f00000)
  to   space 13312K, 0% used [0x00000000e7500000,0x00000000e7500000,0x00000000e8200000)
 ParOldGen       total 73728K, used 16372K [0x00000000a0000000, 0x00000000a4800000, 0x00000000e0000000)
  object space 73728K, 22% used [0x00000000a0000000,0x00000000a0ffd3f8,0x00000000a4800000)
 Metaspace       used 43607K, capacity 44586K, committed 44800K, reserved 1087488K
  class space    used 5868K, capacity 6118K, committed 6144K, reserved 1048576K
}
Event: 22.429 GC heap before
{Heap before GC invocations=15 (full 2):
 PSYoungGen      total 127488K, used 127459K [0x00000000e0000000, 0x00000000e8f00000, 0x0000000100000000)
  eden space 115712K, 100% used [0x00000000e0000000,0x00000000e7100000,0x00000000e7100000)
  from space 11776K, 99% used [0x00000000e8380000,0x00000000e8ef8c10,0x00000000e8f00000)
  to   space 13312K, 0% used [0x00000000e7500000,0x00000000e7500000,0x00000000e8200000)
 ParOldGen       total 73728K, used 16372K [0x00000000a0000000, 0x00000000a4800000, 0x00000000e0000000)
  object space 73728K, 22% used [0x00000000a0000000,0x00000000a0ffd3f8,0x00000000a4800000)
 Metaspace       used 54446K, capacity 55898K, committed 56192K, reserved 1097728K
  class space    used 7317K, capacity 7681K, committed 7808K, reserved 1048576K
Event: 22.452 GC heap after
Heap after GC invocations=15 (full 2):
 PSYoungGen      total 133120K, used 12319K [0x00000000e0000000, 0x00000000ebf00000, 0x0000000100000000)
  eden space 119808K, 0% used [0x00000000e0000000,0x00000000e0000000,0x00000000e7500000)
  from space 13312K, 92% used [0x00000000e7500000,0x00000000e8107ec8,0x00000000e8200000)
  to   space 14848K, 0% used [0x00000000eb080000,0x00000000eb080000,0x00000000ebf00000)
 ParOldGen       total 73728K, used 21261K [0x00000000a0000000, 0x00000000a4800000, 0x00000000e0000000)
  object space 73728K, 28% used [0x00000000a0000000,0x00000000a14c3440,0x00000000a4800000)
 Metaspace       used 54446K, capacity 55898K, committed 56192K, reserved 1097728K
  class space    used 7317K, capacity 7681K, committed 7808K, reserved 1048576K
}
Event: 23.888 GC heap before
{Heap before GC invocations=16 (full 2):
 PSYoungGen      total 133120K, used 58232K [0x00000000e0000000, 0x00000000ebf00000, 0x0000000100000000)
  eden space 119808K, 38% used [0x00000000e0000000,0x00000000e2cd6438,0x00000000e7500000)
  from space 13312K, 92% used [0x00000000e7500000,0x00000000e8107ec8,0x00000000e8200000)
  to   space 14848K, 0% used [0x00000000eb080000,0x00000000eb080000,0x00000000ebf00000)
 ParOldGen       total 73728K, used 21261K [0x00000000a0000000, 0x00000000a4800000, 0x00000000e0000000)
  object space 73728K, 28% used [0x00000000a0000000,0x00000000a14c3440,0x00000000a4800000)
 Metaspace       used 57467K, capacity 59050K, committed 59096K, reserved 1099776K
  class space    used 7776K, capacity 8147K, committed 8192K, reserved 1048576K
Event: 23.903 GC heap after
Heap after GC invocations=16 (full 2):
 PSYoungGen      total 181248K, used 5078K [0x00000000e0000000, 0x00000000ec100000, 0x0000000100000000)
  eden space 166400K, 0% used [0x00000000e0000000,0x00000000e0000000,0x00000000ea280000)
  from space 14848K, 34% used [0x00000000eb080000,0x00000000eb575be8,0x00000000ebf00000)
  to   space 14336K, 0% used [0x00000000ea280000,0x00000000ea280000,0x00000000eb080000)
 ParOldGen       total 73728K, used 26488K [0x00000000a0000000, 0x00000000a4800000, 0x00000000e0000000)
  object space 73728K, 35% used [0x00000000a0000000,0x00000000a19de2e0,0x00000000a4800000)
 Metaspace       used 57467K, capacity 59050K, committed 59096K, reserved 1099776K
  class space    used 7776K, capacity 8147K, committed 8192K, reserved 1048576K
}
Event: 23.903 GC heap before
{Heap before GC invocations=17 (full 3):
 PSYoungGen      total 181248K, used 5078K [0x00000000e0000000, 0x00000000ec100000, 0x0000000100000000)
  eden space 166400K, 0% used [0x00000000e0000000,0x00000000e0000000,0x00000000ea280000)
  from space 14848K, 34% used [0x00000000eb080000,0x00000000eb575be8,0x00000000ebf00000)
  to   space 14336K, 0% used [0x00000000ea280000,0x00000000ea280000,0x00000000eb080000)
 ParOldGen       total 73728K, used 26488K [0x00000000a0000000, 0x00000000a4800000, 0x00000000e0000000)
  object space 73728K, 35% used [0x00000000a0000000,0x00000000a19de2e0,0x00000000a4800000)
 Metaspace       used 57467K, capacity 59050K, committed 59096K, reserved 1099776K
  class space    used 7776K, capacity 8147K, committed 8192K, reserved 1048576K
Event: 24.268 GC heap after
Heap after GC invocations=17 (full 3):
 PSYoungGen      total 181248K, used 0K [0x00000000e0000000, 0x00000000ec100000, 0x0000000100000000)
  eden space 166400K, 0% used [0x00000000e0000000,0x00000000e0000000,0x00000000ea280000)
  from space 14848K, 0% used [0x00000000eb080000,0x00000000eb080000,0x00000000ebf00000)
  to   space 14336K, 0% used [0x00000000ea280000,0x00000000ea280000,0x00000000eb080000)
 ParOldGen       total 103424K, used 29983K [0x00000000a0000000, 0x00000000a6500000, 0x00000000e0000000)
  object space 103424K, 28% used [0x00000000a0000000,0x00000000a1d47e30,0x00000000a6500000)
 Metaspace       used 57467K, capacity 59050K, committed 59096K, reserved 1099776K
  class space    used 7776K, capacity 8147K, committed 8192K, reserved 1048576K
}
Event: 32.239 GC heap before
{Heap before GC invocations=18 (full 3):
 PSYoungGen      total 181248K, used 166400K [0x00000000e0000000, 0x00000000ec100000, 0x0000000100000000)
  eden space 166400K, 100% used [0x00000000e0000000,0x00000000ea280000,0x00000000ea280000)
  from space 14848K, 0% used [0x00000000eb080000,0x00000000eb080000,0x00000000ebf00000)
  to   space 14336K, 0% used [0x00000000ea280000,0x00000000ea280000,0x00000000eb080000)
 ParOldGen       total 103424K, used 29983K [0x00000000a0000000, 0x00000000a6500000, 0x00000000e0000000)
  object space 103424K, 28% used [0x00000000a0000000,0x00000000a1d47e30,0x00000000a6500000)
 Metaspace       used 64083K, capacity 66424K, committed 66520K, reserved 1105920K
  class space    used 8691K, capacity 9178K, committed 9216K, reserved 1048576K
Event: 32.294 GC heap after
Heap after GC invocations=18 (full 3):
 PSYoungGen      total 180736K, used 12556K [0x00000000e0000000, 0x00000000ef200000, 0x0000000100000000)
  eden space 166400K, 0% used [0x00000000e0000000,0x00000000e0000000,0x00000000ea280000)
  from space 14336K, 87% used [0x00000000ea280000,0x00000000eaec3278,0x00000000eb080000)
  to   space 15872K, 0% used [0x00000000ee280000,0x00000000ee280000,0x00000000ef200000)
 ParOldGen       total 103424K, used 29991K [0x00000000a0000000, 0x00000000a6500000, 0x00000000e0000000)
  object space 103424K, 28% used [0x00000000a0000000,0x00000000a1d49e30,0x00000000a6500000)
 Metaspace       used 64083K, capacity 66424K, committed 66520K, reserved 1105920K
  class space    used 8691K, capacity 9178K, committed 9216K, reserved 1048576K
}
Event: 1041.570 GC heap before
{Heap before GC invocations=19 (full 3):
 PSYoungGen      total 180736K, used 178956K [0x00000000e0000000, 0x00000000ef200000, 0x0000000100000000)
  eden space 166400K, 100% used [0x00000000e0000000,0x00000000ea280000,0x00000000ea280000)
  from space 14336K, 87% used [0x00000000ea280000,0x00000000eaec3278,0x00000000eb080000)
  to   space 15872K, 0% used [0x00000000ee280000,0x00000000ee280000,0x00000000ef200000)
 ParOldGen       total 103424K, used 29991K [0x00000000a0000000, 0x00000000a6500000, 0x00000000e0000000)
  object space 103424K, 28% used [0x00000000a0000000,0x00000000a1d49e30,0x00000000a6500000)
 Metaspace       used 70211K, capacity 72808K, committed 73048K, reserved 1112064K
  class space    used 9274K, capacity 9852K, committed 9856K, reserved 1048576K

Deoptimization events (10 events):
Event: 1041.305 Thread 0x0000000018b78000 Uncommon trap: reason=unstable_if action=reinterpret pc=0x000000000470d5fc method=com.sun.org.apache.xerces.internal.dom.DeferredDocumentImpl.getChunkIndex([[III)I @ 3
Event: 1041.335 Thread 0x0000000018b78000 Uncommon trap: reason=class_check action=maybe_recompile pc=0x0000000004724674 method=com.sun.org.apache.xerces.internal.dom.NamedNodeMapImpl.findNamePoint(Ljava/lang/String;I)I @ 54
Event: 1041.335 Thread 0x0000000018b78000 Uncommon trap: reason=class_check action=maybe_recompile pc=0x0000000004724674 method=com.sun.org.apache.xerces.internal.dom.NamedNodeMapImpl.findNamePoint(Ljava/lang/String;I)I @ 54
Event: 1041.335 Thread 0x0000000018b78000 Uncommon trap: reason=class_check action=maybe_recompile pc=0x0000000004724674 method=com.sun.org.apache.xerces.internal.dom.NamedNodeMapImpl.findNamePoint(Ljava/lang/String;I)I @ 54
Event: 1041.335 Thread 0x0000000018b78000 Uncommon trap: reason=class_check action=maybe_recompile pc=0x0000000004724674 method=com.sun.org.apache.xerces.internal.dom.NamedNodeMapImpl.findNamePoint(Ljava/lang/String;I)I @ 54
Event: 1041.450 Thread 0x0000000018b78000 Uncommon trap: reason=class_check action=maybe_recompile pc=0x000000000476c028 method=com.sun.org.apache.xerces.internal.dom.ElementImpl.getAttributes()Lorg/w3c/dom/NamedNodeMap; @ 8
Event: 1041.455 Thread 0x0000000018b78000 Uncommon trap: reason=class_check action=maybe_recompile pc=0x000000000476c028 method=com.sun.org.apache.xerces.internal.dom.ElementImpl.getAttributes()Lorg/w3c/dom/NamedNodeMap; @ 8
Event: 1041.455 Thread 0x0000000018b78000 Uncommon trap: reason=class_check action=maybe_recompile pc=0x000000000476c028 method=com.sun.org.apache.xerces.internal.dom.ElementImpl.getAttributes()Lorg/w3c/dom/NamedNodeMap; @ 8
Event: 1041.455 Thread 0x0000000018b78000 Uncommon trap: reason=class_check action=maybe_recompile pc=0x000000000476c028 method=com.sun.org.apache.xerces.internal.dom.ElementImpl.getAttributes()Lorg/w3c/dom/NamedNodeMap; @ 8
Event: 1041.567 Thread 0x0000000018b78000 Uncommon trap: reason=unstable_if action=reinterpret pc=0x000000000379e90c method=java.io.File.equals(Ljava/lang/Object;)Z @ 1

Classes redefined (0 events):
No events

Internal exceptions (10 events):
Event: 1038.171 Thread 0x000000001c86b800 Exception <a 'java/lang/NoSuchMethodError': <clinit>> (0x00000000e44c3d80) thrown at [D:\src\AOSP-openjdk-cygwin\jdk8u\hotspot\src\share\vm\prims\jni.cpp, line 1613]
Event: 1038.171 Thread 0x000000001c86b800 Exception <a 'java/lang/NoSuchMethodError': <clinit>> (0x00000000e44c5888) thrown at [D:\src\AOSP-openjdk-cygwin\jdk8u\hotspot\src\share\vm\prims\jni.cpp, line 1613]
Event: 1038.171 Thread 0x000000001c86b800 Exception <a 'java/lang/NoSuchMethodError': <clinit>> (0x00000000e44c7058) thrown at [D:\src\AOSP-openjdk-cygwin\jdk8u\hotspot\src\share\vm\prims\jni.cpp, line 1613]
Event: 1038.171 Thread 0x000000001c86b800 Exception <a 'java/lang/NoSuchMethodError': <clinit>> (0x00000000e44c86d8) thrown at [D:\src\AOSP-openjdk-cygwin\jdk8u\hotspot\src\share\vm\prims\jni.cpp, line 1613]
Event: 1038.366 Thread 0x000000001c86b800 Exception <a 'sun/nio/fs/WindowsException'> (0x00000000e4e34f98) thrown at [D:\src\AOSP-openjdk-cygwin\jdk8u\hotspot\src\share\vm\prims\jni.cpp, line 709]
Event: 1038.583 Thread 0x000000001c86b800 Implicit null exception at 0x0000000004208a83 to 0x0000000004209561
Event: 1041.161 Thread 0x0000000018b78000 Implicit null exception at 0x0000000003c47f5e to 0x0000000003c480e1
Event: 1041.305 Thread 0x0000000018b78000 Implicit null exception at 0x000000000470d3bf to 0x000000000470d5dd
Event: 1041.567 Thread 0x0000000018b78000 Implicit null exception at 0x000000000379e2ef to 0x000000000379e8f9
Event: 1041.568 Thread 0x0000000018b78000 Exception <a 'java/lang/reflect/InvocationTargetException'> (0x00000000ea24d4e8) thrown at [D:\src\AOSP-openjdk-cygwin\jdk8u\hotspot\src\share\vm\runtime\reflection.cpp, line 1092]

Events (10 events):
Event: 1041.567 Thread 0x0000000018b78000 DEOPT UNPACKING pc=0x0000000002e2557b sp=0x00000000255bc268 mode 2
Event: 1041.568 loading class org/gradle/tooling/internal/provider/events/DefaultFailure
Event: 1041.568 loading class org/gradle/tooling/internal/provider/events/DefaultFailure done
Event: 1041.569 loading class org/gradle/tooling/internal/protocol/InternalFailure
Event: 1041.569 loading class org/gradle/tooling/internal/protocol/InternalFailure done
Event: 1041.569 loading class java/lang/Throwable$WrappedPrintWriter
Event: 1041.569 loading class java/lang/Throwable$PrintStreamOrWriter
Event: 1041.569 loading class java/lang/Throwable$PrintStreamOrWriter done
Event: 1041.569 loading class java/lang/Throwable$WrappedPrintWriter done
Event: 1041.570 Executing VM operation: ParallelGCFailedAllocation


Dynamic libraries:
0x00007ff6a2bc0000 - 0x00007ff6a2bf1000 	C:\Program Files\Android\Android Studio\jre\bin\java.exe
0x00007fff1d820000 - 0x00007fff1da01000 	C:\WINDOWS\SYSTEM32\ntdll.dll
0x00007fff1bce0000 - 0x00007fff1bd91000 	C:\WINDOWS\System32\KERNEL32.DLL
0x00007fff1a130000 - 0x00007fff1a3a3000 	C:\WINDOWS\System32\KERNELBASE.dll
0x00007fff1aea0000 - 0x00007fff1af41000 	C:\WINDOWS\System32\ADVAPI32.dll
0x00007fff1b7f0000 - 0x00007fff1b88e000 	C:\WINDOWS\System32\msvcrt.dll
0x00007fff1bf40000 - 0x00007fff1bf9b000 	C:\WINDOWS\System32\sechost.dll
0x00007fff1b390000 - 0x00007fff1b4b4000 	C:\WINDOWS\System32\RPCRT4.dll
0x00007fff1b080000 - 0x00007fff1b210000 	C:\WINDOWS\System32\USER32.dll
0x00007fff1ac90000 - 0x00007fff1acb0000 	C:\WINDOWS\System32\win32u.dll
0x00007fff1bfa0000 - 0x00007fff1bfc8000 	C:\WINDOWS\System32\GDI32.dll
0x00007fff19f90000 - 0x00007fff1a121000 	C:\WINDOWS\System32\gdi32full.dll
0x00007fff1a3b0000 - 0x00007fff1a44f000 	C:\WINDOWS\System32\msvcp_win.dll
0x00007fff19ca0000 - 0x00007fff19d98000 	C:\WINDOWS\System32\ucrtbase.dll
0x00007fff104e0000 - 0x00007fff10749000 	C:\WINDOWS\WinSxS\amd64_microsoft.windows.common-controls_6595b64144ccf1df_6.0.17134.829_none_fb46a5473061b9d5\COMCTL32.dll
0x00007fff1b4c0000 - 0x00007fff1b7e2000 	C:\WINDOWS\System32\combase.dll
0x00007fff1ac10000 - 0x00007fff1ac8a000 	C:\WINDOWS\System32\bcryptPrimitives.dll
0x00007fff1ad80000 - 0x00007fff1adad000 	C:\WINDOWS\System32\IMM32.DLL
0x0000000072b70000 - 0x0000000072c42000 	C:\Program Files\Android\Android Studio\jre\jre\bin\msvcr100.dll
0x0000000072d30000 - 0x0000000073571000 	C:\Program Files\Android\Android Studio\jre\jre\bin\server\jvm.dll
0x00007fff1bec0000 - 0x00007fff1bec8000 	C:\WINDOWS\System32\PSAPI.DLL
0x00007fff13950000 - 0x00007fff13959000 	C:\WINDOWS\SYSTEM32\WSOCK32.dll
0x00007fff16b40000 - 0x00007fff16b63000 	C:\WINDOWS\SYSTEM32\WINMM.dll
0x00007fff181b0000 - 0x00007fff181ba000 	C:\WINDOWS\SYSTEM32\VERSION.dll
0x00007fff1be50000 - 0x00007fff1bebc000 	C:\WINDOWS\System32\WS2_32.dll
0x00007fff16b10000 - 0x00007fff16b3a000 	C:\WINDOWS\SYSTEM32\winmmbase.dll
0x00007fff19bf0000 - 0x00007fff19c39000 	C:\WINDOWS\System32\cfgmgr32.dll
0x00007fff12130000 - 0x00007fff1213f000 	C:\Program Files\Android\Android Studio\jre\jre\bin\verify.dll
0x00007ffed4af0000 - 0x00007ffed4b19000 	C:\Program Files\Android\Android Studio\jre\jre\bin\java.dll
0x00007fff12110000 - 0x00007fff12126000 	C:\Program Files\Android\Android Studio\jre\jre\bin\zip.dll
0x00007fff1c3b0000 - 0x00007fff1d7f0000 	C:\WINDOWS\System32\SHELL32.dll
0x00007fff1bda0000 - 0x00007fff1be49000 	C:\WINDOWS\System32\shcore.dll
0x00007fff1a500000 - 0x00007fff1ac0d000 	C:\WINDOWS\System32\windows.storage.dll
0x00007fff1af50000 - 0x00007fff1afa1000 	C:\WINDOWS\System32\shlwapi.dll
0x00007fff19bd0000 - 0x00007fff19be1000 	C:\WINDOWS\System32\kernel.appcore.dll
0x00007fff19bb0000 - 0x00007fff19bcf000 	C:\WINDOWS\System32\profapi.dll
0x00007fff19b60000 - 0x00007fff19bac000 	C:\WINDOWS\System32\powrprof.dll
0x00007fff19b50000 - 0x00007fff19b5a000 	C:\WINDOWS\System32\FLTLIB.DLL
0x00007fff074c0000 - 0x00007fff074da000 	C:\Program Files\Android\Android Studio\jre\jre\bin\net.dll
0x00007fff19350000 - 0x00007fff193b6000 	C:\WINDOWS\system32\mswsock.dll
0x00007fff06d40000 - 0x00007fff06d51000 	C:\Program Files\Android\Android Studio\jre\jre\bin\nio.dll
0x00007ffefe420000 - 0x00007ffefe43e000 	C:\Users\User.FULL478-WIN.002\.gradle\native\25\windows-amd64\native-platform.dll
0x00007fff08290000 - 0x00007fff0829d000 	C:\Program Files\Android\Android Studio\jre\jre\bin\management.dll
0x00007fff19500000 - 0x00007fff19517000 	C:\WINDOWS\SYSTEM32\CRYPTSP.dll
0x00007fff18f40000 - 0x00007fff18f73000 	C:\WINDOWS\system32\rsaenh.dll
0x00007fff19690000 - 0x00007fff196b5000 	C:\WINDOWS\SYSTEM32\bcrypt.dll
0x00007fff19a60000 - 0x00007fff19a88000 	C:\WINDOWS\SYSTEM32\USERENV.dll
0x00007fff19520000 - 0x00007fff1952b000 	C:\WINDOWS\SYSTEM32\CRYPTBASE.dll
0x00007fff190e0000 - 0x00007fff19118000 	C:\WINDOWS\SYSTEM32\IPHLPAPI.DLL
0x00007fff1acd0000 - 0x00007fff1acd8000 	C:\WINDOWS\System32\NSI.dll
0x00007fff125c0000 - 0x00007fff125d6000 	C:\WINDOWS\SYSTEM32\dhcpcsvc6.DLL
0x00007fff13390000 - 0x00007fff133aa000 	C:\WINDOWS\SYSTEM32\dhcpcsvc.DLL
0x00007fff099b0000 - 0x00007fff09b79000 	C:\WINDOWS\SYSTEM32\dbghelp.dll

VM Arguments:
jvm_args: -Xmx1536m -Dfile.encoding=windows-1252 -Duser.country=US -Duser.language=en -Duser.variant 
java_command: org.gradle.launcher.daemon.bootstrap.GradleDaemon 5.1.1
java_class_path (initial): C:\Users\User.FULL478-WIN.002\.gradle\wrapper\dists\gradle-5.1.1-all\97z1ksx6lirer3kbvdnh7jtjg\gradle-5.1.1\lib\gradle-launcher-5.1.1.jar
Launcher Type: SUN_STANDARD

Environment Variables:
JAVA_HOME=C:\Program Files\Java\jdk1.8.0_161
CLASSPATH=C:\Program Files\Java\jdk1.8.0_161\bin;C:\Program Files\Java\jre1.8.0_161;.
PATH=C:\Program Files (x86)\Intel\iCLS Client\;C:\Program Files\Intel\iCLS Client\;C:\WINDOWS\system32;C:\WINDOWS;C:\WINDOWS\System32\Wbem;C:\WINDOWS\System32\WindowsPowerShell\v1.0\;C:\Program Files (x86)\Intel\Intel(R) Management Engine Components\DAL;C:\Program Files\Intel\Intel(R) Management Engine Components\DAL;C:\Program Files (x86)\Intel\Intel(R) Management Engine Components\IPT;C:\Program Files\Intel\Intel(R) Management Engine Components\IPT;C:\Program Files\Java\jdk1.8.0_161\bin;C:\Program Files\Java\jre1.8.0_161\bin;C:\Program Files\Java\jdk1.8.0_161\bin;C:\WINDOWS\System32\OpenSSH\;C:\Program Files\Git\cmd;C:\Program Files (x86)\Google\Cloud SDK\google-cloud-sdk\bin;C:\Users\User.FULL478-WIN.002\AppData\Local\Microsoft\WindowsApps;C:\Users\User.FULL478-WIN.002\AppData\Local\atom\bin
USERNAME=User
OS=Windows_NT
PROCESSOR_IDENTIFIER=Intel64 Family 6 Model 61 Stepping 4, GenuineIntel



---------------  S Y S T E M  ---------------

OS: Windows 10.0 , 64 bit Build 17134 (10.0.17134.753)

CPU:total 4 (initial active 4) (2 cores per cpu, 2 threads per core) family 6 model 61 stepping 4, cmov, cx8, fxsr, mmx, sse, sse2, sse3, ssse3, sse4.1, sse4.2, popcnt, avx, avx2, aes, clmul, erms, 3dnowpref, lzcnt, ht, tsc, tscinvbit, bmi1, bmi2, adx

Memory: 4k page, physical 8291328k(2102188k free), swap 13796352k(5662720k free)

vm_info: OpenJDK 64-Bit Server VM (25.152-b01) for windows-amd64 JRE (1.8.0_152-release-1343-b01), built by "builder" with MS VC++ 10.0 (VS2010)

time: Wed Jul 03 15:17:37 2019
elapsed time: 1041 seconds (0d 0h 17m 21s)

